Tue Apr 21 10:00:17 KST 2026 SSO 세션 만료 — aws sso login --profile audmaker_soddy 필요
Wed Apr 22 10:00:24 KST 2026 자동 발행 시작
OK: index.html
OK: 헬스_0422.html
OK: realestate_0422.html
OK: realestate_0421.html
OK: safehaven_0420.html
OK: 금융_0420.html
OK: realestate.html
OK: wegovy.html
OK: car.html
OK: game.html
OK: stock.html
OK: ktx.html
OK: travel.html
OK: pet.html
OK: themestock.html
OK: carinsurance.html
OK: tosspay.html
OK: finance.html
OK: running.html
OK: golf.html
OK: health.html

DONE — 22 files in docs/
📡 트렌드 기반 카테고리 자동 선택 중...
   금융: 0개 뉴스
   부동산: 0개 뉴스
   쇼핑: 1개 뉴스
   배달: 1개 뉴스
   골프: 1개 뉴스
   교육: 1개 뉴스
   반려동물: 0개 뉴스
   패션: 0개 뉴스
   헬스: 3개 뉴스
   여행: 3개 뉴스
   증권: 2개 뉴스
   게임: 0개 뉴스

🎯 오늘의 카테고리: 헬스 (2026-04-22 Wednesday)
📡 트렌드 수집 중...
   2개 뉴스 수집
   → [러닝크루] 강북구, 우이천 따라 달릴 청년 러닝크루 참여자 모집 - 서울일보...
   → [크로스핏] 테론, 칼로리 소모량 기준 보상 제공 서비스 론칭 - 네이트...
📊 페르소나: 건강기능식품_관심_유저 (8,000,000~12,000,000명)
✍️  에세이 생성 중...
📄 에세이 저장: /home/soddy/today-audience/essay_20260422.html
📄 에세이 저장: /home/soddy/today-audience/essays_html/헬스_0422.html
📝 app.py 업데이트: #21 헬스_0422
🏗️  정적 사이트 재빌드 완료
✅ 에세이 발행 완료! (app.py 업데이트됨)
ssh: Could not resolve hostname github.com: Temporary failure in name resolution
fatal: Could not read from remote repository.

Please make sure you have the correct access rights
and the repository exists.
Wed Apr 22 10:09:18 KST 2026 완료
Thu Apr 23 10:00:02 KST 2026 SSO 세션 만료 — aws sso login --profile audmaker_soddy 필요
Fri Apr 24 10:00:02 KST 2026 SSO 세션 만료 — aws sso login --profile audmaker_soddy 필요
Sat Apr 25 10:00:03 KST 2026 자동 발행 시작
OK: index.html
OK: 헬스_0425.html
OK: 자동차_0425.html
OK: coupang_exit.html
OK: travel_0423.html
OK: shopping_0423.html
OK: realestate_0422.html
OK: realestate_0421.html
OK: safehaven_0420.html
OK: 금융_0420.html
OK: realestate.html
OK: wegovy.html
OK: car.html
OK: game_0422.html
OK: game.html
OK: stock.html
OK: ktx.html
OK: travel.html
OK: pet.html
OK: themestock.html
OK: carinsurance.html
OK: tosspay.html
OK: finance.html
OK: running.html
OK: golf.html
OK: health.html

DONE — 33 files in docs/
📡 트렌드 기반 카테고리 자동 선택 중...
   금융: 4개 뉴스
   부동산: 4개 뉴스
   쇼핑: 4개 뉴스
   배달: 3개 뉴스
   골프: 4개 뉴스
   교육: 4개 뉴스
   반려동물: 4개 뉴스
   패션: 2개 뉴스
   헬스: 5개 뉴스
   여행: 5개 뉴스
   증권: 4개 뉴스
   게임: 4개 뉴스
   자동차: 4개 뉴스

🎯 오늘의 카테고리: 헬스 (2026-04-25 Saturday)
📡 트렌드 수집 중...
   5개 뉴스 수집
   → [헬스장 PT] 덱스, 필리핀 헬스장 접수…등 근육 대결에 '짜릿' [RE:TV] - 뉴스1...
   → [러닝크루] “이래서 러닝 크루하나”…야외 러닝, 실내보다 칼로리 5% 더 소모 - 동아일보...
   → [홈트레이닝] '미용실 원장' 이지현, 애둘 육아 속 사수한 성난 등근육…"진짜 갓생" - v.daum....
📊 페르소나: 건강기능식품_관심_유저 (8,000,000~12,000,000명)
📊 DMP 실측 모수 조회 중...
   → ~89만 명 (운동앱 2개+쇼핑앱 · DMP 실측)
✍️  에세이 생성 중...
📄 에세이 저장: /home/soddy/today-audience/essay_20260425.html
📄 에세이 저장: /home/soddy/today-audience/essays_html/헬스_0425.html
📝 app.py 업데이트: #25 헬스_0425
🏗️  정적 사이트 재빌드 완료
✅ 에세이 발행 완료! (app.py 업데이트됨)
To github.com:soddy-igaw/today-audience.git
   953a2b1..69f2d20  main -> main
Sat Apr 25 10:01:28 KST 2026 완료
Sun Apr 26 10:00:02 KST 2026 SSO 세션 만료 — aws sso login --profile audmaker_soddy 필요
Mon Apr 27 10:00:05 KST 2026 SSO 세션 만료 — aws sso login --profile audmaker_soddy 필요
Tue Apr 28 10:00:02 KST 2026 SSO 세션 만료 — aws sso login --profile audmaker_soddy 필요
Sun May  3 10:00:02 KST 2026 SSO 세션 만료 — aws sso login --profile audmaker_soddy 필요
Mon May  4 10:00:02 KST 2026 SSO 세션 만료 — aws sso login --profile audmaker_soddy 필요
Thu May  7 10:00:03 KST 2026 SSO 세션 만료 — aws sso login --profile audmaker_soddy 필요
Fri May  8 10:00:20 KST 2026 SSO 세션 만료 — aws sso login --profile audmaker_soddy 필요
Sat May  9 10:00:02 KST 2026 SSO 세션 만료 — aws sso login --profile audmaker_soddy 필요
Sun May 10 10:00:02 KST 2026 SSO 세션 만료 — aws sso login --profile audmaker_soddy 필요
Mon May 11 10:00:05 KST 2026 자동 발행 시작
OK: index_auto.html (manual index.html preserved)
OK: 금융_0511.html
OK: insurance_0509.html
OK: tax_0509.html
OK: overseas_invest_0507.html
OK: parents_day_0503.html
OK: travel_0423.html
OK: 헬스_0425.html
OK: coupang_exit.html
OK: game_0422.html
OK: safehaven_0420.html
OK: stock_0427.html
OK: tosspay.html
OK: car_0502.html
OK: pet.html
OK: golf.html

DONE — 25 files in docs/
📡 트렌드 기반 카테고리 자동 선택 중...
   금융: 4개 뉴스
   부동산: 4개 뉴스
   쇼핑: 3개 뉴스
   배달: 2개 뉴스
   골프: 1개 뉴스
   교육: 3개 뉴스
   반려동물: 2개 뉴스
   패션: 3개 뉴스
   헬스: 3개 뉴스
   여행: 1개 뉴스
   증권: 3개 뉴스
   게임: 4개 뉴스
   자동차: 4개 뉴스

🎯 오늘의 카테고리: 금융 (2026-05-11 Monday)
📡 트렌드 수집 중...
   3개 뉴스 수집
   → [금리 비교] “은행앱으로 금리비교 쯤이야” 우리금융 ‘배움터’에 90대 어르신도 줄선다 - 헤럴드경제...
   → [ETF 투자] 제이알리츠 편입 1%밖에 안되는데…고배당 믿고 투자한 리츠 ETF, 줄줄이 마이너스 - 조...
   → [증권 계좌] 코스피 ‘7천 시대’ 너도나도 투자대열 합류…대구경북 증권계좌 큰 폭 증가 - 영남일보...
📊 DMP 실측 모수 조회 중...
   → ~7만 명 (대출앱+은행앱 · DMP 실측)
✍️  에세이 생성 중...
📄 에세이 저장: /home/soddy/today-audience/essay_20260511.html
📄 에세이 저장: /home/soddy/today-audience/essays_html/금융_0511.html
📝 app.py 업데이트: #26 금융_0511
🏗️  정적 사이트 재빌드 완료
✅ 에세이 발행 완료! (app.py 업데이트됨)
ssh: Could not resolve hostname github.com: Temporary failure in name resolution
fatal: Could not read from remote repository.

Please make sure you have the correct access rights
and the repository exists.
Mon May 11 10:07:36 KST 2026 완료
Tue May 12 10:00:20 KST 2026 SSO 세션 만료 — aws sso login --profile audmaker_soddy 필요
Wed May 13 10:00:03 KST 2026 자동 발행 시작
OK: index_auto.html (manual index.html preserved)
OK: 금융_0513.html
OK: 금융_0511.html
OK: insurance_0509.html
OK: tax_0509.html
OK: overseas_invest_0507.html
OK: parents_day_0503.html
OK: travel_0423.html
OK: 헬스_0425.html
OK: coupang_exit.html
OK: game_0422.html
OK: safehaven_0420.html
OK: stock_0427.html
OK: tosspay.html
OK: car_0502.html
OK: pet.html
OK: golf.html

DONE — 26 files in docs/
📡 트렌드 기반 카테고리 자동 선택 중...
   금융: 4개 뉴스
   부동산: 4개 뉴스
   쇼핑: 4개 뉴스
   배달: 1개 뉴스
   골프: 3개 뉴스
   교육: 3개 뉴스
   반려동물: 4개 뉴스
   패션: 3개 뉴스
   헬스: 4개 뉴스
   여행: 3개 뉴스
   증권: 4개 뉴스
   게임: 4개 뉴스
   자동차: 4개 뉴스

🎯 오늘의 카테고리: 금융 (2026-05-13 Wednesday)
📡 트렌드 수집 중...
   4개 뉴스 수집
   → [대출 갈아타기] 토허제 완화에 비거주 1주택 매물 나올까…"고령층 매도·젊은층 보유" - 뉴스1...
   → [금리 비교] 2025 파킹통장 금리비교‼️ 현시점 쉽게 이자 많이 주는 입출금통장 추천 (Yp6nK31...
   → [ETF 투자] “버핏 따라사지마, 이게 이긴다” 한국 ETF 대부가 산 종목 4 - 중앙일보...
📊 DMP 실측 모수 조회 중...
   → ~7만 명 (대출앱+은행앱 · DMP 실측)
✍️  에세이 생성 중...
📄 에세이 저장: /home/soddy/today-audience/essay_20260513.html
📄 에세이 저장: /home/soddy/today-audience/essays_html/금융_0513.html
📝 app.py 업데이트: #27 금융_0513
🏗️  정적 사이트 재빌드 완료
✅ 에세이 발행 완료! (app.py 업데이트됨)
